17:43:27.152 [main] DEBUG o.s.test.context.BootstrapUtils - Instantiating CacheAwareContextLoaderDelegate from class [org.springframework.test.context.cache.DefaultCacheAwareContextLoaderDelegate]
17:43:27.175 [main] DEBUG o.s.test.context.BootstrapUtils - Instantiating BootstrapContext using constructor [public org.springframework.test.context.support.DefaultBootstrapContext(java.lang.Class,org.springframework.test.context.CacheAwareContextLoaderDelegate)]
17:43:27.262 [main] DEBUG o.s.test.context.BootstrapUtils - Instantiating TestContextBootstrapper for test class [com.stackroute.muzixservice.repository.MuzixRepositoryTest] from class [org.springframework.boot.test.autoconfigure.data.mongo.DataMongoTestContextBootstrapper]
17:43:27.296 [main] INFO  o.s.b.t.a.d.m.DataMongoTestContextBootstrapper - Neither @ContextConfiguration nor @ContextHierarchy found for test class [com.stackroute.muzixservice.repository.MuzixRepositoryTest], using SpringBootContextLoader
17:43:27.307 [main] DEBUG o.s.t.c.s.AbstractContextLoader - Did not detect default resource location for test class [com.stackroute.muzixservice.repository.MuzixRepositoryTest]: class path resource [com/stackroute/muzixservice/repository/MuzixRepositoryTest-context.xml] does not exist
17:43:27.308 [main] DEBUG o.s.t.c.s.AbstractContextLoader - Did not detect default resource location for test class [com.stackroute.muzixservice.repository.MuzixRepositoryTest]: class path resource [com/stackroute/muzixservice/repository/MuzixRepositoryTestContext.groovy] does not exist
17:43:27.308 [main] INFO  o.s.t.c.s.AbstractContextLoader - Could not detect default resource locations for test class [com.stackroute.muzixservice.repository.MuzixRepositoryTest]: no resource found for suffixes {-context.xml, Context.groovy}.
17:43:27.310 [main] INFO  o.s.t.c.s.AnnotationConfigContextLoaderUtils - Could not detect default configuration classes for test class [com.stackroute.muzixservice.repository.MuzixRepositoryTest]: MuzixRepositoryTest does not declare any static, non-private, non-final, nested classes annotated with @Configuration.
17:43:27.457 [main] DEBUG o.s.t.c.support.ActiveProfilesUtils - Could not find an 'annotation declaring class' for annotation type [org.springframework.test.context.ActiveProfiles] and class [com.stackroute.muzixservice.repository.MuzixRepositoryTest]
17:43:27.565 [main] DEBUG o.s.c.a.ClassPathScanningCandidateComponentProvider - Identified candidate component class: file [E:\Backend\sprints\bej_c2_s7_springboot_aop_mastery_mc2\target\classes\com\stackroute\muzixservice\MuzixServiceApplication.class]
17:43:27.567 [main] INFO  o.s.b.t.c.SpringBootTestContextBootstrapper - Found @SpringBootConfiguration com.stackroute.muzixservice.MuzixServiceApplication for test class com.stackroute.muzixservice.repository.MuzixRepositoryTest
17:43:27.572 [main] DEBUG o.s.b.t.a.d.m.DataMongoTestContextBootstrapper - @TestExecutionListeners is not present for class [com.stackroute.muzixservice.repository.MuzixRepositoryTest]: using defaults.
17:43:27.572 [main] INFO  o.s.b.t.a.d.m.DataMongoTestContextBootstrapper - Loaded default TestExecutionListener class names from location [META-INF/spring.factories]: [org.springframework.boot.test.mock.mockito.MockitoTestExecutionListener, org.springframework.boot.test.mock.mockito.ResetMocksTestExecutionListener, org.springframework.boot.test.autoconfigure.restdocs.RestDocsTestExecutionListener, org.springframework.boot.test.autoconfigure.web.client.MockRestServiceServerResetTestExecutionListener, org.springframework.boot.test.autoconfigure.web.servlet.MockMvcPrintOnlyOnFailureTestExecutionListener, org.springframework.boot.test.autoconfigure.web.servlet.WebDriverTestExecutionListener, org.springframework.boot.test.autoconfigure.webservices.client.MockWebServiceServerTestExecutionListener, org.springframework.test.context.web.ServletTestExecutionListener, org.springframework.test.context.support.DirtiesContextBeforeModesTestExecutionListener, org.springframework.test.context.support.DependencyInjectionTestExecutionListener, org.springframework.test.context.support.DirtiesContextTestExecutionListener, org.springframework.test.context.transaction.TransactionalTestExecutionListener, org.springframework.test.context.jdbc.SqlScriptsTestExecutionListener, org.springframework.test.context.event.EventPublishingTestExecutionListener]
17:43:27.597 [main] INFO  o.s.b.t.a.d.m.DataMongoTestContextBootstrapper - Using TestExecutionListeners: [org.springframework.test.context.web.ServletTestExecutionListener@e84a8e1, org.springframework.test.context.support.DirtiesContextBeforeModesTestExecutionListener@2e554a3b, org.springframework.boot.test.mock.mockito.MockitoTestExecutionListener@54a67a45, org.springframework.boot.test.autoconfigure.SpringBootDependencyInjectionTestExecutionListener@7d42c224, org.springframework.test.context.support.DirtiesContextTestExecutionListener@56aaaecd, org.springframework.test.context.transaction.TransactionalTestExecutionListener@522a32b1, org.springframework.test.context.jdbc.SqlScriptsTestExecutionListener@35390ee3, org.springframework.test.context.event.EventPublishingTestExecutionListener@5e01a982, org.springframework.boot.test.mock.mockito.ResetMocksTestExecutionListener@5ddea849, org.springframework.boot.test.autoconfigure.restdocs.RestDocsTestExecutionListener@5ee2b6f9, org.springframework.boot.test.autoconfigure.web.client.MockRestServiceServerResetTestExecutionListener@23d1e5d0, org.springframework.boot.test.autoconfigure.web.servlet.MockMvcPrintOnlyOnFailureTestExecutionListener@704f1591, org.springframework.boot.test.autoconfigure.web.servlet.WebDriverTestExecutionListener@58fb7731, org.springframework.boot.test.autoconfigure.webservices.client.MockWebServiceServerTestExecutionListener@13e547a9]
17:43:27.601 [main] DEBUG o.s.t.c.s.AbstractDirtiesContextTestExecutionListener - Before test class: context [DefaultTestContext@5c10f1c3 testClass = MuzixRepositoryTest, testInstance = [null], testMethod = [null], testException = [null], mergedContextConfiguration = [MergedContextConfiguration@7ac2e39b testClass = MuzixRepositoryTest, locations = '{}', classes = '{class com.stackroute.muzixservice.MuzixServiceApplication}', contextInitializerClasses = '[]', activeProfiles = '{}', propertySourceLocations = '{}', propertySourceProperties = '{org.springframework.boot.test.autoconfigure.data.mongo.DataMongoTestContextBootstrapper=true}', contextCustomizers = set[[ImportsContextCustomizer@78365cfa key = [org.springframework.boot.autoconfigure.cache.CacheAutoConfiguration, org.springframework.boot.autoconfigure.data.mongo.MongoDataAutoConfiguration, org.springframework.boot.autoconfigure.data.mongo.MongoReactiveDataAutoConfiguration, org.springframework.boot.autoconfigure.data.mongo.MongoReactiveRepositoriesAutoConfiguration, org.springframework.boot.autoconfigure.data.mongo.MongoRepositoriesAutoConfiguration, org.springframework.boot.autoconfigure.mongo.MongoAutoConfiguration, org.springframework.boot.autoconfigure.mongo.MongoReactiveAutoConfiguration, org.springframework.boot.autoconfigure.mongo.embedded.EmbeddedMongoAutoConfiguration, org.springframework.boot.autoconfigure.transaction.TransactionAutoConfiguration]], org.springframework.boot.test.context.filter.ExcludeFilterContextCustomizer@1608bcbd, org.springframework.boot.test.json.DuplicateJsonObjectContextCustomizerFactory$DuplicateJsonObjectContextCustomizer@b2c5e07, org.springframework.boot.test.mock.mockito.MockitoContextCustomizer@0, org.springframework.boot.test.autoconfigure.OverrideAutoConfigurationContextCustomizerFactory$DisableAutoConfigurationContextCustomizer@5a1de7fb, org.springframework.boot.test.autoconfigure.actuate.metrics.MetricsExportContextCustomizerFactory$DisableMetricExportContextCustomizer@6eb2384f, org.springframework.boot.test.autoconfigure.filter.TypeExcludeFiltersContextCustomizer@351584c0, org.springframework.boot.test.autoconfigure.properties.PropertyMappingContextCustomizer@fab9d341, org.springframework.boot.test.autoconfigure.web.servlet.WebDriverContextCustomizerFactory$Customizer@21a21c64, org.springframework.boot.test.context.SpringBootTestArgs@1, org.springframework.boot.test.context.SpringBootTestWebEnvironment@0], contextLoader = 'org.springframework.boot.test.context.SpringBootContextLoader', parent = [null]], attributes = map[[empty]]], class annotated with @DirtiesContext [false] with mode [null].
17:43:27.620 [main] DEBUG o.s.t.c.s.DependencyInjectionTestExecutionListener - Performing dependency injection for test context [[DefaultTestContext@5c10f1c3 testClass = MuzixRepositoryTest, testInstance = com.stackroute.muzixservice.repository.MuzixRepositoryTest@4b7e96a, testMethod = [null], testException = [null], mergedContextConfiguration = [MergedContextConfiguration@7ac2e39b testClass = MuzixRepositoryTest, locations = '{}', classes = '{class com.stackroute.muzixservice.MuzixServiceApplication}', contextInitializerClasses = '[]', activeProfiles = '{}', propertySourceLocations = '{}', propertySourceProperties = '{org.springframework.boot.test.autoconfigure.data.mongo.DataMongoTestContextBootstrapper=true}', contextCustomizers = set[[ImportsContextCustomizer@78365cfa key = [org.springframework.boot.autoconfigure.cache.CacheAutoConfiguration, org.springframework.boot.autoconfigure.data.mongo.MongoDataAutoConfiguration, org.springframework.boot.autoconfigure.data.mongo.MongoReactiveDataAutoConfiguration, org.springframework.boot.autoconfigure.data.mongo.MongoReactiveRepositoriesAutoConfiguration, org.springframework.boot.autoconfigure.data.mongo.MongoRepositoriesAutoConfiguration, org.springframework.boot.autoconfigure.mongo.MongoAutoConfiguration, org.springframework.boot.autoconfigure.mongo.MongoReactiveAutoConfiguration, org.springframework.boot.autoconfigure.mongo.embedded.EmbeddedMongoAutoConfiguration, org.springframework.boot.autoconfigure.transaction.TransactionAutoConfiguration]], org.springframework.boot.test.context.filter.ExcludeFilterContextCustomizer@1608bcbd, org.springframework.boot.test.json.DuplicateJsonObjectContextCustomizerFactory$DuplicateJsonObjectContextCustomizer@b2c5e07, org.springframework.boot.test.mock.mockito.MockitoContextCustomizer@0, org.springframework.boot.test.autoconfigure.OverrideAutoConfigurationContextCustomizerFactory$DisableAutoConfigurationContextCustomizer@5a1de7fb, org.springframework.boot.test.autoconfigure.actuate.metrics.MetricsExportContextCustomizerFactory$DisableMetricExportContextCustomizer@6eb2384f, org.springframework.boot.test.autoconfigure.filter.TypeExcludeFiltersContextCustomizer@351584c0, org.springframework.boot.test.autoconfigure.properties.PropertyMappingContextCustomizer@fab9d341, org.springframework.boot.test.autoconfigure.web.servlet.WebDriverContextCustomizerFactory$Customizer@21a21c64, org.springframework.boot.test.context.SpringBootTestArgs@1, org.springframework.boot.test.context.SpringBootTestWebEnvironment@0], contextLoader = 'org.springframework.boot.test.context.SpringBootContextLoader', parent = [null]], attributes = map[[empty]]]].
17:43:27.674 [main] DEBUG o.s.t.c.s.TestPropertySourceUtils - Adding inlined properties to environment: {spring.jmx.enabled=false, org.springframework.boot.test.autoconfigure.data.mongo.DataMongoTestContextBootstrapper=true}
17:43:29.253 [main] INFO  c.s.m.repository.MuzixRepositoryTest - Starting MuzixRepositoryTest using Java 11.0.12 on DESKTOP-5NDUCKS with PID 1816 (started by HP in E:\Backend\sprints\bej_c2_s7_springboot_aop_mastery_mc2)
17:43:29.254 [main] DEBUG c.s.m.repository.MuzixRepositoryTest - Running with Spring Boot v2.4.1, Spring v5.3.2
17:43:29.261 [main] INFO  c.s.m.repository.MuzixRepositoryTest - No active profile set, falling back to default profiles: default
17:43:29.264 [main] DEBUG o.s.boot.SpringApplication - Loading source class com.stackroute.muzixservice.MuzixServiceApplication
17:43:29.347 [main] DEBUG o.s.c.a.AnnotationConfigApplicationContext - Refreshing org.springframework.context.annotation.AnnotationConfigApplicationContext@199e4c2b
17:43:29.404 [main] DEBUG o.s.b.f.s.DefaultListableBeanFactory - Creating shared instance of singleton bean 'org.springframework.context.annotation.internalConfigurationAnnotationProcessor'
17:43:29.466 [main] DEBUG o.s.b.f.s.DefaultListableBeanFactory - Creating shared instance of singleton bean 'org.springframework.boot.autoconfigure.internalCachingMetadataReaderFactory'
17:43:29.810 [main] DEBUG o.s.c.e.PropertySourcesPropertyResolver - Found key 'spring.boot.enableautoconfiguration' in PropertySource 'configurationProperties' with value of type String
17:43:30.271 [main] INFO  o.s.d.r.c.RepositoryConfigurationDelegate - Bootstrapping Spring Data MongoDB repositories in DEFAULT mode.
17:43:30.278 [main] DEBUG o.s.b.f.s.DefaultListableBeanFactory - Creating shared instance of singleton bean 'org.springframework.boot.autoconfigure.AutoConfigurationPackages'
17:43:30.279 [main] DEBUG o.s.b.a.AutoConfigurationPackages - @EnableAutoConfiguration was declared on a class in the package 'com.stackroute.muzixservice'. Automatic @Repository and @Entity scanning is enabled.
17:43:30.282 [main] DEBUG o.s.d.r.c.RepositoryConfigurationDelegate - Scanning for MongoDB repositories in packages com.stackroute.muzixservice.
17:43:30.295 [main] DEBUG o.s.d.r.c.RepositoryComponentProvider - Identified candidate component class: file [E:\Backend\sprints\bej_c2_s7_springboot_aop_mastery_mc2\target\classes\com\stackroute\muzixservice\repository\MuzixRepository.class]
17:43:30.340 [main] DEBUG o.s.c.a.ClassPathScanningCandidateComponentProvider - Identified candidate component class: file [E:\Backend\sprints\bej_c2_s7_springboot_aop_mastery_mc2\target\classes\com\stackroute\muzixservice\service\MuzixServiceImpl.class]
17:43:30.360 [main] INFO  o.s.d.r.c.RepositoryConfigurationDelegate - Finished Spring Data repository scanning in 76 ms. Found 1 MongoDB repository interfaces.
17:43:30.388 [main] DEBUG o.s.b.f.s.DefaultListableBeanFactory - Creating shared instance of singleton bean 'org.springframework.boot.test.context.ImportsContextCustomizer$ImportsCleanupPostProcessor'
17:43:30.593 [main] DEBUG o.s.b.f.s.DefaultListableBeanFactory - Creating shared instance of singleton bean 'org.springframework.boot.test.mock.mockito.MockitoPostProcessor'
17:43:30.596 [main] DEBUG o.s.b.f.s.DefaultListableBeanFactory - Creating shared instance of singleton bean 'org.springframework.boot.autoconfigure.mongo.embedded.EmbeddedMongoAutoConfiguration$EmbeddedMongoClientDependsOnBeanFactoryPostProcessor'
17:43:30.626 [main] DEBUG o.s.b.f.s.DefaultListableBeanFactory - Creating shared instance of singleton bean 'org.springframework.context.event.internalEventListenerProcessor'
17:43:30.628 [main] DEBUG o.s.b.f.s.DefaultListableBeanFactory - Creating shared instance of singleton bean 'org.springframework.context.event.internalEventListenerFactory'
17:43:30.632 [main] DEBUG o.s.b.f.s.DefaultListableBeanFactory - Creating shared instance of singleton bean 'org.springframework.context.annotation.internalAutowiredAnnotationProcessor'
17:43:30.635 [main] DEBUG o.s.b.f.s.DefaultListableBeanFactory - Creating shared instance of singleton bean 'org.springframework.context.annotation.internalCommonAnnotationProcessor'
17:43:30.646 [main] DEBUG o.s.b.f.s.DefaultListableBeanFactory - Creating shared instance of singleton bean 'org.springframework.boot.test.mock.mockito.MockitoPostProcessor$SpyPostProcessor'
17:43:30.649 [main] DEBUG o.s.b.f.s.DefaultListableBeanFactory - Creating shared instance of singleton bean 'org.springframework.boot.context.properties.ConfigurationPropertiesBindingPostProcessor'
17:43:30.650 [main] DEBUG o.s.b.f.s.DefaultListableBeanFactory - Creating shared instance of singleton bean 'org.springframework.boot.context.internalConfigurationPropertiesBinder'
17:43:30.650 [main] DEBUG o.s.b.f.s.DefaultListableBeanFactory - Creating shared instance of singleton bean 'org.springframework.boot.context.internalConfigurationPropertiesBinderFactory'
17:43:30.661 [main] DEBUG o.s.b.f.s.DefaultListableBeanFactory - Creating shared instance of singleton bean 'muzixServiceApplication'
17:43:30.677 [main] DEBUG o.s.b.f.s.DefaultListableBeanFactory - Creating shared instance of singleton bean 'org.springframework.boot.autoconfigure.mongo.embedded.EmbeddedMongoAutoConfiguration$RuntimeConfigConfiguration'
17:43:30.680 [main] DEBUG o.s.b.f.s.DefaultListableBeanFactory - Creating shared instance of singleton bean 'embeddedMongoRuntimeConfig'
17:43:30.772 [main] DEBUG o.s.b.f.s.DefaultListableBeanFactory - Creating shared instance of singleton bean 'org.springframework.boot.autoconfigure.mongo.embedded.EmbeddedMongoAutoConfiguration'
17:43:30.775 [main] DEBUG o.s.b.f.s.DefaultListableBeanFactory - Creating shared instance of singleton bean 'spring.data.mongodb-org.springframework.boot.autoconfigure.mongo.MongoProperties'
17:43:30.784 [main] DEBUG o.s.b.f.s.DefaultListableBeanFactory - Creating shared instance of singleton bean 'org.springframework.boot.context.properties.BoundConfigurationProperties'
17:43:30.851 [main] DEBUG o.s.b.f.s.DefaultListableBeanFactory - Creating shared instance of singleton bean 'spring.mongodb.embedded-org.springframework.boot.autoconfigure.mongo.embedded.EmbeddedMongoProperties'
17:43:30.877 [main] DEBUG o.s.b.f.s.DefaultListableBeanFactory - Autowiring by type from bean name 'org.springframework.boot.autoconfigure.mongo.embedded.EmbeddedMongoAutoConfiguration' via constructor to bean named 'spring.data.mongodb-org.springframework.boot.autoconfigure.mongo.MongoProperties'
17:43:30.878 [main] DEBUG o.s.b.f.s.DefaultListableBeanFactory - Autowiring by type from bean name 'org.springframework.boot.autoconfigure.mongo.embedded.EmbeddedMongoAutoConfiguration' via constructor to bean named 'spring.mongodb.embedded-org.springframework.boot.autoconfigure.mongo.embedded.EmbeddedMongoProperties'
17:43:30.883 [main] DEBUG o.s.b.f.s.DefaultListableBeanFactory - Creating shared instance of singleton bean 'embeddedMongoServer'
17:43:30.890 [main] DEBUG o.s.b.f.s.DefaultListableBeanFactory - Creating shared instance of singleton bean 'embeddedMongoConfiguration'
17:43:30.891 [main] DEBUG o.s.b.f.s.DefaultListableBeanFactory - Autowiring by type from bean name 'embeddedMongoConfiguration' via factory method to bean named 'spring.mongodb.embedded-org.springframework.boot.autoconfigure.mongo.embedded.EmbeddedMongoProperties'
17:43:30.942 [main] DEBUG o.s.b.f.s.DefaultListableBeanFactory - Autowiring by type from bean name 'embeddedMongoServer' via factory method to bean named 'embeddedMongoConfiguration'
17:43:30.942 [main] DEBUG o.s.b.f.s.DefaultListableBeanFactory - Autowiring by type from bean name 'embeddedMongoServer' via factory method to bean named 'embeddedMongoRuntimeConfig'
17:43:30.943 [main] DEBUG o.s.b.f.s.DefaultListableBeanFactory - Autowiring by type from bean name 'embeddedMongoServer' via factory method to bean named 'org.springframework.context.annotation.AnnotationConfigApplicationContext@199e4c2b'
17:43:32.174 [Thread-1] INFO  o.s.b.a.mongo.embedded.EmbeddedMongo - note: noprealloc may hurt performance in many applications
17:43:32.253 [Thread-1] INFO  o.s.b.a.mongo.embedded.EmbeddedMongo - 2022-03-28T17:43:32.253+0530 I CONTROL  [initandlisten] MongoDB starting : pid=12432 port=55447 dbpath=C:\Users\HP\AppData\Local\Temp\embedmongo-db-8c02d739-d8ef-4ad2-ab89-77b2f087e2e2 64-bit host=DESKTOP-5NDUCKS
17:43:32.253 [Thread-1] INFO  o.s.b.a.mongo.embedded.EmbeddedMongo - 2022-03-28T17:43:32.254+0530 I CONTROL  [initandlisten] targetMinOS: Windows Vista/Windows Server 2008
17:43:32.253 [Thread-1] INFO  o.s.b.a.mongo.embedded.EmbeddedMongo - 2022-03-28T17:43:32.254+0530 I CONTROL  [initandlisten] db version v3.5.5
17:43:32.254 [Thread-1] INFO  o.s.b.a.mongo.embedded.EmbeddedMongo - 2022-03-28T17:43:32.254+0530 I CONTROL  [initandlisten] git version: 98515c812b6fa893613f063dae568ff8319cbfbd
17:43:32.254 [Thread-1] INFO  o.s.b.a.mongo.embedded.EmbeddedMongo - 2022-03-28T17:43:32.254+0530 I CONTROL  [initandlisten] allocator: tcmalloc
17:43:32.254 [Thread-1] INFO  o.s.b.a.mongo.embedded.EmbeddedMongo - 2022-03-28T17:43:32.254+0530 I CONTROL  [initandlisten] modules: none
17:43:32.255 [Thread-1] INFO  o.s.b.a.mongo.embedded.EmbeddedMongo - 2022-03-28T17:43:32.254+0530 I CONTROL  [initandlisten] build environment:
17:43:32.255 [Thread-1] INFO  o.s.b.a.mongo.embedded.EmbeddedMongo - 2022-03-28T17:43:32.254+0530 I CONTROL  [initandlisten]     distarch: x86_64
17:43:32.255 [Thread-1] INFO  o.s.b.a.mongo.embedded.EmbeddedMongo - 2022-03-28T17:43:32.254+0530 I CONTROL  [initandlisten]     target_arch: x86_64
17:43:32.256 [Thread-1] INFO  o.s.b.a.mongo.embedded.EmbeddedMongo - 2022-03-28T17:43:32.254+0530 I CONTROL  [initandlisten] options: { net: { bindIp: "127.0.0.1", http: { enabled: false }, port: 55447 }, security: { authorization: "disabled" }, storage: { dbPath: "C:\Users\HP\AppData\Local\Temp\embedmongo-db-8c02d739-d8ef-4ad2-ab89-77b2f087e2e2", journal: { enabled: false }, mmapv1: { preallocDataFiles: false, smallFiles: true }, syncPeriodSecs: 0.0 } }
17:43:32.256 [Thread-1] INFO  o.s.b.a.mongo.embedded.EmbeddedMongo - 2022-03-28T17:43:32.257+0530 I STORAGE  [initandlisten] wiredtiger_open config: create,cache_size=1491M,session_max=20000,eviction=(threads_min=4,threads_max=4),config_base=false,statistics=(fast),log=(enabled=true,archive=true,path=journal,compressor=snappy),file_manager=(close_idle_time=100000),checkpoint=(wait=0,log_size=2GB),statistics_log=(wait=0),verbose=(recovery_progress),,log=(enabled=false),
17:43:32.356 [Thread-1] INFO  o.s.b.a.mongo.embedded.EmbeddedMongo - 2022-03-28T17:43:32.356+0530 W STORAGE  [initandlisten] Detected configuration for non-active storage engine mmapv1 when current storage engine is wiredTiger
17:43:32.357 [Thread-1] INFO  o.s.b.a.mongo.embedded.EmbeddedMongo - 2022-03-28T17:43:32.356+0530 I CONTROL  [initandlisten] 
17:43:32.357 [Thread-1] INFO  o.s.b.a.mongo.embedded.EmbeddedMongo - 2022-03-28T17:43:32.356+0530 I CONTROL  [initandlisten] ** NOTE: This is a development version (3.5.5) of MongoDB.
17:43:32.357 [Thread-1] INFO  o.s.b.a.mongo.embedded.EmbeddedMongo - 2022-03-28T17:43:32.356+0530 I CONTROL  [initandlisten] **       Not recommended for production.
17:43:32.357 [Thread-1] INFO  o.s.b.a.mongo.embedded.EmbeddedMongo - 2022-03-28T17:43:32.356+0530 I CONTROL  [initandlisten] 
17:43:32.828 [Thread-1] INFO  o.s.b.a.mongo.embedded.EmbeddedMongo - 2022-03-28T17:43:32.828+0530 I FTDC     [initandlisten] Initializing full-time diagnostic data capture with directory 'C:/Users/HP/AppData/Local/Temp/embedmongo-db-8c02d739-d8ef-4ad2-ab89-77b2f087e2e2/diagnostic.data'
17:43:32.870 [Thread-1] INFO  o.s.b.a.mongo.embedded.EmbeddedMongo - 2022-03-28T17:43:32.870+0530 I INDEX    [initandlisten] build index on: admin.system.version properties: { v: 2, key: { version: 1 }, name: "incompatible_with_version_32", ns: "admin.system.version" }
17:43:32.870 [Thread-1] INFO  o.s.b.a.mongo.embedded.EmbeddedMongo - 2022-03-28T17:43:32.870+0530 I INDEX    [initandlisten] 	 building index using bulk method; build may temporarily use up to 500 megabytes of RAM
17:43:32.874 [Thread-1] INFO  o.s.b.a.mongo.embedded.EmbeddedMongo - 2022-03-28T17:43:32.874+0530 I INDEX    [initandlisten] build index done.  scanned 0 total records. 0 secs
17:43:32.876 [Thread-1] INFO  o.s.b.a.mongo.embedded.EmbeddedMongo - 2022-03-28T17:43:32.877+0530 I COMMAND  [initandlisten] setting featureCompatibilityVersion to 3.4
17:43:32.878 [Thread-1] INFO  o.s.b.a.mongo.embedded.EmbeddedMongo - 2022-03-28T17:43:32.878+0530 I NETWORK  [thread1] waiting for connections on port 55447
17:43:32.879 [main] INFO  d.f.embed.mongo.MongodExecutable - start de.flapdoodle.embed.mongo.config.MongodConfigBuilder$ImmutableMongodConfig@323f3c96
17:43:32.879 [main] DEBUG o.s.b.f.s.DefaultListableBeanFactory - Creating shared instance of singleton bean 'org.springframework.boot.context.properties.EnableConfigurationPropertiesRegistrar.methodValidationExcludeFilter'
17:43:32.917 [main] DEBUG o.s.b.f.s.DefaultListableBeanFactory - Creating shared instance of singleton bean 'org.springframework.boot.autoconfigure.mongo.MongoAutoConfiguration$MongoClientSettingsConfiguration'
17:43:32.926 [main] DEBUG o.s.b.f.s.DefaultListableBeanFactory - Creating shared instance of singleton bean 'mongoClientSettings'
17:43:33.004 [main] DEBUG o.s.b.f.s.DefaultListableBeanFactory - Creating shared instance of singleton bean 'mongoPropertiesCustomizer'
17:43:33.006 [main] DEBUG o.s.b.f.s.DefaultListableBeanFactory - Autowiring by type from bean name 'mongoPropertiesCustomizer' via factory method to bean named 'spring.data.mongodb-org.springframework.boot.autoconfigure.mongo.MongoProperties'
17:43:33.006 [main] DEBUG o.s.b.f.s.DefaultListableBeanFactory - Autowiring by type from bean name 'mongoPropertiesCustomizer' via factory method to bean named 'environment'
17:43:33.014 [main] DEBUG o.s.b.f.s.DefaultListableBeanFactory - Creating shared instance of singleton bean 'org.springframework.boot.autoconfigure.mongo.MongoAutoConfiguration'
17:43:33.019 [main] DEBUG o.s.b.f.s.DefaultListableBeanFactory - Creating shared instance of singleton bean 'mongo'
17:43:33.020 [main] DEBUG o.s.b.f.s.DefaultListableBeanFactory - Autowiring by type from bean name 'mongo' via factory method to bean named 'mongoClientSettings'
17:43:33.025 [main] DEBUG o.s.c.e.PropertySourcesPropertyResolver - Found key 'local.mongo.port' in PropertySource 'mongo.ports' with value of type Integer
17:43:33.031 [main] DEBUG o.s.c.e.PropertySourcesPropertyResolver - Found key 'local.mongo.port' in PropertySource 'mongo.ports' with value of type Integer
17:43:33.075 [main] INFO  org.mongodb.driver.cluster - Cluster created with settings {hosts=[localhost:55447], mode=SINGLE, requiredClusterType=UNKNOWN, serverSelectionTimeout='30000 ms'}
17:43:33.144 [main] DEBUG org.mongodb.driver.cluster - Updating cluster description to  {type=UNKNOWN, servers=[{address=localhost:55447, type=UNKNOWN, state=CONNECTING}]
17:43:33.163 [main] DEBUG o.s.b.f.s.DefaultListableBeanFactory - Creating shared instance of singleton bean 'org.springframework.boot.autoconfigure.data.mongo.MongoDataConfiguration'
17:43:33.166 [main] DEBUG o.s.b.f.s.DefaultListableBeanFactory - Creating shared instance of singleton bean 'mongoMappingContext'
17:43:33.167 [main] DEBUG o.s.b.f.s.DefaultListableBeanFactory - Creating shared instance of singleton bean 'mongoCustomConversions'
17:43:33.175 [Thread-1] INFO  o.s.b.a.mongo.embedded.EmbeddedMongo - 2022-03-28T17:43:33.175+0530 I NETWORK  [thread1] connection accepted from 127.0.0.1:55450 #1 (1 connection now open)
17:43:33.176 [Thread-1] INFO  o.s.b.a.mongo.embedded.EmbeddedMongo - 2022-03-28T17:43:33.176+0530 I NETWORK  [thread1] connection accepted from 127.0.0.1:55449 #2 (2 connections now open)
17:43:33.201 [Thread-1] INFO  o.s.b.a.mongo.embedded.EmbeddedMongo - 2022-03-28T17:43:33.201+0530 I NETWORK  [conn1] received client metadata from 127.0.0.1:55450 conn1: { driver: { name: "mongo-java-driver|sync|spring-boot", version: "4.1.1" }, os: { type: "Windows", name: "Windows 10", architecture: "amd64", version: "10.0" }, platform: "Java/Oracle Corporation/11.0.12+8-LTS-237" }
17:43:33.203 [Thread-1] INFO  o.s.b.a.mongo.embedded.EmbeddedMongo - 2022-03-28T17:43:33.203+0530 I NETWORK  [conn2] received client metadata from 127.0.0.1:55449 conn2: { driver: { name: "mongo-java-driver|sync|spring-boot", version: "4.1.1" }, os: { type: "Windows", name: "Windows 10", architecture: "amd64", version: "10.0" }, platform: "Java/Oracle Corporation/11.0.12+8-LTS-237" }
17:43:33.226 [cluster-ClusterId{value='6241a66db30bc360dfd4f971', description='null'}-localhost:55447] INFO  org.mongodb.driver.connection - Opened connection [connectionId{localValue:2, serverValue:1}] to localhost:55447
17:43:33.226 [cluster-rtt-ClusterId{value='6241a66db30bc360dfd4f971', description='null'}-localhost:55447] INFO  org.mongodb.driver.connection - Opened connection [connectionId{localValue:1, serverValue:2}] to localhost:55447
17:43:33.227 [cluster-ClusterId{value='6241a66db30bc360dfd4f971', description='null'}-localhost:55447] INFO  org.mongodb.driver.cluster - Monitor thread successfully connected to server with description ServerDescription{address=localhost:55447, type=STANDALONE, state=CONNECTED, ok=true, minWireVersion=0, maxWireVersion=5, maxDocumentSize=16777216, logicalSessionTimeoutMinutes=null, roundTripTimeNanos=44674700}
17:43:33.231 [cluster-ClusterId{value='6241a66db30bc360dfd4f971', description='null'}-localhost:55447] DEBUG org.mongodb.driver.cluster - Updating cluster description to  {type=STANDALONE, servers=[{address=localhost:55447, type=STANDALONE, roundTripTime=44.7 ms, state=CONNECTED}]
17:43:33.341 [main] DEBUG o.s.data.convert.CustomConversions - Adding converter from class java.util.Locale to class java.lang.String as writing converter.
17:43:33.341 [main] DEBUG o.s.data.convert.CustomConversions - Adding converter from class java.lang.Character to class java.lang.String as writing converter.
17:43:33.342 [main] DEBUG o.s.data.convert.CustomConversions - Adding converter from class java.math.BigDecimal to class java.lang.String as writing converter.
17:43:33.343 [main] DEBUG o.s.data.convert.CustomConversions - Adding converter from class java.math.BigDecimal to class org.bson.types.Decimal128 as writing converter.
17:43:33.345 [main] DEBUG o.s.data.convert.CustomConversions - Adding converter from class java.lang.String to class java.math.BigDecimal as reading converter.
17:43:33.345 [main] DEBUG o.s.data.convert.CustomConversions - Adding converter from class org.bson.types.Decimal128 to class java.math.BigDecimal as reading converter.
17:43:33.345 [main] DEBUG o.s.data.convert.CustomConversions - Adding converter from class java.math.BigInteger to class java.lang.String as writing converter.
17:43:33.345 [main] DEBUG o.s.data.convert.CustomConversions - Adding converter from class java.lang.String to class java.math.BigInteger as reading converter.
17:43:33.346 [main] DEBUG o.s.data.convert.CustomConversions - Adding converter from class java.net.URL to class java.lang.String as writing converter.
17:43:33.346 [main] DEBUG o.s.data.convert.CustomConversions - Adding converter from class java.lang.String to class java.net.URL as reading converter.
17:43:33.346 [main] DEBUG o.s.data.convert.CustomConversions - Adding converter from class org.bson.Document to class java.lang.String as reading converter.
17:43:33.346 [main] DEBUG o.s.data.convert.CustomConversions - Adding converter from class org.springframework.data.mongodb.core.query.Term to class java.lang.String as writing converter.
17:43:33.347 [main] DEBUG o.s.data.convert.CustomConversions - Adding converter from class org.springframework.data.mongodb.core.script.NamedMongoScript to class org.bson.Document as writing converter.
17:43:33.347 [main] DEBUG o.s.data.convert.CustomConversions - Adding converter from class org.bson.Document to class org.springframework.data.mongodb.core.script.NamedMongoScript as reading converter.
17:43:33.347 [main] DEBUG o.s.data.convert.CustomConversions - Adding converter from class java.util.Currency to class java.lang.String as writing converter.
17:43:33.347 [main] DEBUG o.s.data.convert.CustomConversions - Adding converter from class java.lang.String to class java.util.Currency as reading converter.
17:43:33.347 [main] DEBUG o.s.data.convert.CustomConversions - Adding converter from class java.util.concurrent.atomic.AtomicInteger to class java.lang.Integer as writing converter.
17:43:33.347 [main] DEBUG o.s.data.convert.CustomConversions - Adding converter from class java.util.concurrent.atomic.AtomicLong to class java.lang.Long as writing converter.
17:43:33.348 [main] DEBUG o.s.data.convert.CustomConversions - Adding converter from class java.lang.Long to class java.util.concurrent.atomic.AtomicLong as reading converter.
17:43:33.348 [main] DEBUG o.s.data.convert.CustomConversions - Adding converter from class java.lang.Integer to class java.util.concurrent.atomic.AtomicInteger as reading converter.
17:43:33.348 [main] DEBUG o.s.data.convert.CustomConversions - Adding converter from class org.bson.types.Binary to class [B as reading converter.
17:43:33.348 [main] DEBUG o.s.data.convert.CustomConversions - Adding converter from class org.bson.BsonTimestamp to class java.time.Instant as reading converter.
17:43:33.348 [main] DEBUG o.s.data.convert.CustomConversions - Adding converter from class java.net.URI to class java.lang.String as writing converter.
17:43:33.348 [main] DEBUG o.s.data.convert.CustomConversions - Adding converter from class java.lang.String to class java.net.URI as reading converter.
17:43:33.349 [main] DEBUG o.s.data.convert.CustomConversions - Adding converter from class org.springframework.data.geo.Box to class org.bson.Document as writing converter.
17:43:33.349 [main] DEBUG o.s.data.convert.CustomConversions - Adding converter from class org.springframework.data.geo.Polygon to class org.bson.Document as writing converter.
17:43:33.349 [main] DEBUG o.s.data.convert.CustomConversions - Adding converter from class org.springframework.data.geo.Circle to class org.bson.Document as writing converter.
17:43:33.350 [main] DEBUG o.s.data.convert.CustomConversions - Adding converter from class org.springframework.data.mongodb.core.geo.Sphere to class org.bson.Document as writing converter.
17:43:33.351 [main] DEBUG o.s.data.convert.CustomConversions - Adding converter from class org.bson.Document to class org.springframework.data.geo.Box as reading converter.
17:43:33.351 [main] DEBUG o.s.data.convert.CustomConversions - Adding converter from class org.bson.Document to class org.springframework.data.geo.Polygon as reading converter.
17:43:33.352 [main] DEBUG o.s.data.convert.CustomConversions - Adding converter from class org.bson.Document to class org.springframework.data.geo.Circle as reading converter.
17:43:33.353 [main] DEBUG o.s.data.convert.CustomConversions - Adding converter from class org.bson.Document to class org.springframework.data.mongodb.core.geo.Sphere as reading converter.
17:43:33.353 [main] DEBUG o.s.data.convert.CustomConversions - Adding converter from class org.bson.Document to class org.springframework.data.geo.Point as reading converter.
17:43:33.353 [main] DEBUG o.s.data.convert.CustomConversions - Adding converter from class org.springframework.data.geo.Point to class org.bson.Document as writing converter.
17:43:33.354 [main] DEBUG o.s.data.convert.CustomConversions - Adding converter from class org.springframework.data.mongodb.core.query.GeoCommand to class org.bson.Document as writing converter.
17:43:33.355 [main] DEBUG o.s.data.convert.CustomConversions - Adding converter from interface org.springframework.data.mongodb.core.geo.GeoJson to class org.bson.Document as writing converter.
17:43:33.355 [main] DEBUG o.s.data.convert.CustomConversions - Adding converter from class org.springframework.data.mongodb.core.geo.GeoJsonPoint to class org.bson.Document as writing converter.
17:43:33.355 [main] DEBUG o.s.data.convert.CustomConversions - Adding converter from class org.springframework.data.mongodb.core.geo.GeoJsonPolygon to class org.bson.Document as writing converter.
17:43:33.355 [main] DEBUG o.s.data.convert.CustomConversions - Adding converter from class org.bson.Document to class org.springframework.data.mongodb.core.geo.GeoJsonPoint as reading converter.
17:43:33.355 [main] DEBUG o.s.data.convert.CustomConversions - Adding converter from class org.bson.Document to class org.springframework.data.mongodb.core.geo.GeoJsonPolygon as reading converter.
17:43:33.356 [main] DEBUG o.s.data.convert.CustomConversions - Adding converter from class org.bson.Document to class org.springframework.data.mongodb.core.geo.GeoJsonLineString as reading converter.
17:43:33.356 [main] DEBUG o.s.data.convert.CustomConversions - Adding converter from class org.bson.Document to class org.springframework.data.mongodb.core.geo.GeoJsonMultiLineString as reading converter.
17:43:33.356 [main] DEBUG o.s.data.convert.CustomConversions - Adding converter from class org.bson.Document to class org.springframework.data.mongodb.core.geo.GeoJsonMultiPoint as reading converter.
17:43:33.356 [main] DEBUG o.s.data.convert.CustomConversions - Adding converter from class org.bson.Document to class org.springframework.data.mongodb.core.geo.GeoJsonMultiPolygon as reading converter.
17:43:33.357 [main] DEBUG o.s.data.convert.CustomConversions - Adding converter from class org.bson.Document to class org.springframework.data.mongodb.core.geo.GeoJsonGeometryCollection as reading converter.
17:43:33.357 [main] DEBUG o.s.data.convert.CustomConversions - Adding converter from class org.bson.Document to interface org.springframework.data.mongodb.core.geo.GeoJson as reading converter.
17:43:33.357 [main] DEBUG o.s.data.convert.CustomConversions - Adding converter from class java.util.Date to class java.time.LocalDateTime as reading converter.
17:43:33.357 [main] DEBUG o.s.data.convert.CustomConversions - Adding converter from class java.time.LocalDateTime to class java.util.Date as writing converter.
17:43:33.357 [main] DEBUG o.s.data.convert.CustomConversions - Adding converter from class java.util.Date to class java.time.LocalDate as reading converter.
17:43:33.358 [main] DEBUG o.s.data.convert.CustomConversions - Adding converter from class java.time.LocalDate to class java.util.Date as writing converter.
17:43:33.358 [main] DEBUG o.s.data.convert.CustomConversions - Adding converter from class java.util.Date to class java.time.LocalTime as reading converter.
17:43:33.358 [main] DEBUG o.s.data.convert.CustomConversions - Adding converter from class java.time.LocalTime to class java.util.Date as writing converter.
17:43:33.359 [main] DEBUG o.s.data.convert.CustomConversions - Adding converter from class java.util.Date to class java.time.Instant as reading converter.
17:43:33.359 [main] DEBUG o.s.data.convert.CustomConversions - Adding converter from class java.time.Instant to class java.util.Date as writing converter.
17:43:33.360 [main] DEBUG o.s.data.convert.CustomConversions - Skipping converter from class java.time.LocalDateTime to class java.time.Instant as reading converter. class java.time.LocalDateTime is not a store supported simple type!
17:43:33.360 [main] DEBUG o.s.data.convert.CustomConversions - Skipping converter from class java.time.Instant to class java.time.LocalDateTime as reading converter. class java.time.Instant is not a store supported simple type!
17:43:33.361 [main] DEBUG o.s.data.convert.CustomConversions - Adding converter from class java.time.ZoneId to class java.lang.String as writing converter.
17:43:33.361 [main] DEBUG o.s.data.convert.CustomConversions - Adding converter from class java.lang.String to class java.time.ZoneId as reading converter.
17:43:33.361 [main] DEBUG o.s.data.convert.CustomConversions - Adding converter from class java.time.Duration to class java.lang.String as writing converter.
17:43:33.362 [main] DEBUG o.s.data.convert.CustomConversions - Adding converter from class java.lang.String to class java.time.Duration as reading converter.
17:43:33.362 [main] DEBUG o.s.data.convert.CustomConversions - Adding converter from class java.time.Period to class java.lang.String as writing converter.
17:43:33.362 [main] DEBUG o.s.data.convert.CustomConversions - Adding converter from class java.lang.String to class java.time.Period as reading converter.
17:43:33.362 [main] DEBUG o.s.data.convert.CustomConversions - Adding converter from class java.lang.String to class java.time.LocalDate as reading converter.
17:43:33.362 [main] DEBUG o.s.data.convert.CustomConversions - Adding converter from class java.lang.String to class java.time.LocalDateTime as reading converter.
17:43:33.362 [main] DEBUG o.s.data.convert.CustomConversions - Adding converter from class java.lang.String to class java.time.Instant as reading converter.
17:43:33.371 [main] DEBUG o.s.b.f.s.DefaultListableBeanFactory - Autowiring by type from bean name 'mongoMappingContext' via factory method to bean named 'org.springframework.context.annotation.AnnotationConfigApplicationContext@199e4c2b'
17:43:33.372 [main] DEBUG o.s.b.f.s.DefaultListableBeanFactory - Autowiring by type from bean name 'mongoMappingContext' via factory method to bean named 'spring.data.mongodb-org.springframework.boot.autoconfigure.mongo.MongoProperties'
17:43:33.372 [main] DEBUG o.s.b.f.s.DefaultListableBeanFactory - Autowiring by type from bean name 'mongoMappingContext' via factory method to bean named 'mongoCustomConversions'
17:43:33.421 [main] DEBUG o.s.c.a.ClassPathScanningCandidateComponentProvider - Identified candidate component class: file [E:\Backend\sprints\bej_c2_s7_springboot_aop_mastery_mc2\target\classes\com\stackroute\muzixservice\domain\Artist.class]
17:43:33.422 [main] DEBUG o.s.c.a.ClassPathScanningCandidateComponentProvider - Identified candidate component class: file [E:\Backend\sprints\bej_c2_s7_springboot_aop_mastery_mc2\target\classes\com\stackroute\muzixservice\domain\Image.class]
17:43:33.759 [main] DEBUG o.s.b.f.s.DefaultListableBeanFactory - Creating shared instance of singleton bean 'org.springframework.boot.autoconfigure.data.mongo.MongoDatabaseFactoryConfiguration'
17:43:33.762 [main] DEBUG o.s.b.f.s.DefaultListableBeanFactory - Creating shared instance of singleton bean 'mongoDatabaseFactory'
17:43:33.764 [main] DEBUG o.s.b.f.s.DefaultListableBeanFactory - Autowiring by type from bean name 'mongoDatabaseFactory' via factory method to bean named 'mongo'
17:43:33.764 [main] DEBUG o.s.b.f.s.DefaultListableBeanFactory - Autowiring by type from bean name 'mongoDatabaseFactory' via factory method to bean named 'spring.data.mongodb-org.springframework.boot.autoconfigure.mongo.MongoProperties'
17:43:33.778 [main] DEBUG o.s.b.f.s.DefaultListableBeanFactory - Creating shared instance of singleton bean 'org.springframework.boot.autoconfigure.data.mongo.MongoDatabaseFactoryDependentConfiguration'
17:43:33.779 [main] DEBUG o.s.b.f.s.DefaultListableBeanFactory - Autowiring by type from bean name 'org.springframework.boot.autoconfigure.data.mongo.MongoDatabaseFactoryDependentConfiguration' via constructor to bean named 'spring.data.mongodb-org.springframework.boot.autoconfigure.mongo.MongoProperties'
17:43:33.784 [main] DEBUG o.s.b.f.s.DefaultListableBeanFactory - Creating shared instance of singleton bean 'mongoTemplate'
17:43:33.785 [main] DEBUG o.s.b.f.s.DefaultListableBeanFactory - Creating shared instance of singleton bean 'mappingMongoConverter'
17:43:33.786 [main] DEBUG o.s.b.f.s.DefaultListableBeanFactory - Autowiring by type from bean name 'mappingMongoConverter' via factory method to bean named 'mongoDatabaseFactory'
17:43:33.786 [main] DEBUG o.s.b.f.s.DefaultListableBeanFactory - Autowiring by type from bean name 'mappingMongoConverter' via factory method to bean named 'mongoMappingContext'
17:43:33.786 [main] DEBUG o.s.b.f.s.DefaultListableBeanFactory - Autowiring by type from bean name 'mappingMongoConverter' via factory method to bean named 'mongoCustomConversions'
17:43:33.797 [main] DEBUG o.s.data.convert.CustomConversions - Adding converter from class java.util.Locale to class java.lang.String as writing converter.
17:43:33.797 [main] DEBUG o.s.data.convert.CustomConversions - Adding converter from class java.lang.Character to class java.lang.String as writing converter.
17:43:33.798 [main] DEBUG o.s.data.convert.CustomConversions - Adding converter from class java.math.BigDecimal to class java.lang.String as writing converter.
17:43:33.798 [main] DEBUG o.s.data.convert.CustomConversions - Adding converter from class java.math.BigDecimal to class org.bson.types.Decimal128 as writing converter.
17:43:33.798 [main] DEBUG o.s.data.convert.CustomConversions - Adding converter from class java.lang.String to class java.math.BigDecimal as reading converter.
17:43:33.798 [main] DEBUG o.s.data.convert.CustomConversions - Adding converter from class org.bson.types.Decimal128 to class java.math.BigDecimal as reading converter.
17:43:33.799 [main] DEBUG o.s.data.convert.CustomConversions - Adding converter from class java.math.BigInteger to class java.lang.String as writing converter.
17:43:33.799 [main] DEBUG o.s.data.convert.CustomConversions - Adding converter from class java.lang.String to class java.math.BigInteger as reading converter.
17:43:33.799 [main] DEBUG o.s.data.convert.CustomConversions - Adding converter from class java.net.URL to class java.lang.String as writing converter.
17:43:33.801 [main] DEBUG o.s.data.convert.CustomConversions - Adding converter from class java.lang.String to class java.net.URL as reading converter.
17:43:33.802 [main] DEBUG o.s.data.convert.CustomConversions - Adding converter from class org.bson.Document to class java.lang.String as reading converter.
17:43:33.802 [main] DEBUG o.s.data.convert.CustomConversions - Adding converter from class org.springframework.data.mongodb.core.query.Term to class java.lang.String as writing converter.
17:43:33.803 [main] DEBUG o.s.data.convert.CustomConversions - Adding converter from class org.springframework.data.mongodb.core.script.NamedMongoScript to class org.bson.Document as writing converter.
17:43:33.803 [main] DEBUG o.s.data.convert.CustomConversions - Adding converter from class org.bson.Document to class org.springframework.data.mongodb.core.script.NamedMongoScript as reading converter.
17:43:33.805 [main] DEBUG o.s.data.convert.CustomConversions - Adding converter from class java.util.Currency to class java.lang.String as writing converter.
17:43:33.805 [main] DEBUG o.s.data.convert.CustomConversions - Adding converter from class java.lang.String to class java.util.Currency as reading converter.
17:43:33.806 [main] DEBUG o.s.data.convert.CustomConversions - Adding converter from class java.util.concurrent.atomic.AtomicInteger to class java.lang.Integer as writing converter.
17:43:33.807 [main] DEBUG o.s.data.convert.CustomConversions - Adding converter from class java.util.concurrent.atomic.AtomicLong to class java.lang.Long as writing converter.
17:43:33.807 [main] DEBUG o.s.data.convert.CustomConversions - Adding converter from class java.lang.Long to class java.util.concurrent.atomic.AtomicLong as reading converter.
17:43:33.807 [main] DEBUG o.s.data.convert.CustomConversions - Adding converter from class java.lang.Integer to class java.util.concurrent.atomic.AtomicInteger as reading converter.
17:43:33.808 [main] DEBUG o.s.data.convert.CustomConversions - Adding converter from class org.bson.types.Binary to class [B as reading converter.
17:43:33.808 [main] DEBUG o.s.data.convert.CustomConversions - Adding converter from class org.bson.BsonTimestamp to class java.time.Instant as reading converter.
17:43:33.809 [main] DEBUG o.s.data.convert.CustomConversions - Adding converter from class java.net.URI to class java.lang.String as writing converter.
17:43:33.809 [main] DEBUG o.s.data.convert.CustomConversions - Adding converter from class java.lang.String to class java.net.URI as reading converter.
17:43:33.811 [main] DEBUG o.s.data.convert.CustomConversions - Adding converter from class org.springframework.data.geo.Box to class org.bson.Document as writing converter.
17:43:33.812 [main] DEBUG o.s.data.convert.CustomConversions - Adding converter from class org.springframework.data.geo.Polygon to class org.bson.Document as writing converter.
17:43:33.812 [main] DEBUG o.s.data.convert.CustomConversions - Adding converter from class org.springframework.data.geo.Circle to class org.bson.Document as writing converter.
17:43:33.813 [main] DEBUG o.s.data.convert.CustomConversions - Adding converter from class org.springframework.data.mongodb.core.geo.Sphere to class org.bson.Document as writing converter.
17:43:33.813 [main] DEBUG o.s.data.convert.CustomConversions - Adding converter from class org.bson.Document to class org.springframework.data.geo.Box as reading converter.
17:43:33.814 [main] DEBUG o.s.data.convert.CustomConversions - Adding converter from class org.bson.Document to class org.springframework.data.geo.Polygon as reading converter.
17:43:33.815 [main] DEBUG o.s.data.convert.CustomConversions - Adding converter from class org.bson.Document to class org.springframework.data.geo.Circle as reading converter.
17:43:33.815 [main] DEBUG o.s.data.convert.CustomConversions - Adding converter from class org.bson.Document to class org.springframework.data.mongodb.core.geo.Sphere as reading converter.
17:43:33.815 [main] DEBUG o.s.data.convert.CustomConversions - Adding converter from class org.bson.Document to class org.springframework.data.geo.Point as reading converter.
17:43:33.815 [main] DEBUG o.s.data.convert.CustomConversions - Adding converter from class org.springframework.data.geo.Point to class org.bson.Document as writing converter.
17:43:33.816 [main] DEBUG o.s.data.convert.CustomConversions - Adding converter from class org.springframework.data.mongodb.core.query.GeoCommand to class org.bson.Document as writing converter.
17:43:33.816 [main] DEBUG o.s.data.convert.CustomConversions - Adding converter from interface org.springframework.data.mongodb.core.geo.GeoJson to class org.bson.Document as writing converter.
17:43:33.816 [main] DEBUG o.s.data.convert.CustomConversions - Adding converter from class org.springframework.data.mongodb.core.geo.GeoJsonPoint to class org.bson.Document as writing converter.
17:43:33.816 [main] DEBUG o.s.data.convert.CustomConversions - Adding converter from class org.springframework.data.mongodb.core.geo.GeoJsonPolygon to class org.bson.Document as writing converter.
17:43:33.816 [main] DEBUG o.s.data.convert.CustomConversions - Adding converter from class org.bson.Document to class org.springframework.data.mongodb.core.geo.GeoJsonPoint as reading converter.
17:43:33.817 [main] DEBUG o.s.data.convert.CustomConversions - Adding converter from class org.bson.Document to class org.springframework.data.mongodb.core.geo.GeoJsonPolygon as reading converter.
17:43:33.817 [main] DEBUG o.s.data.convert.CustomConversions - Adding converter from class org.bson.Document to class org.springframework.data.mongodb.core.geo.GeoJsonLineString as reading converter.
17:43:33.817 [main] DEBUG o.s.data.convert.CustomConversions - Adding converter from class org.bson.Document to class org.springframework.data.mongodb.core.geo.GeoJsonMultiLineString as reading converter.
17:43:33.818 [main] DEBUG o.s.data.convert.CustomConversions - Adding converter from class org.bson.Document to class org.springframework.data.mongodb.core.geo.GeoJsonMultiPoint as reading converter.
17:43:33.818 [main] DEBUG o.s.data.convert.CustomConversions - Adding converter from class org.bson.Document to class org.springframework.data.mongodb.core.geo.GeoJsonMultiPolygon as reading converter.
17:43:33.818 [main] DEBUG o.s.data.convert.CustomConversions - Adding converter from class org.bson.Document to class org.springframework.data.mongodb.core.geo.GeoJsonGeometryCollection as reading converter.
17:43:33.819 [main] DEBUG o.s.data.convert.CustomConversions - Adding converter from class org.bson.Document to interface org.springframework.data.mongodb.core.geo.GeoJson as reading converter.
17:43:33.819 [main] DEBUG o.s.data.convert.CustomConversions - Adding converter from class java.util.Date to class java.time.LocalDateTime as reading converter.
17:43:33.820 [main] DEBUG o.s.data.convert.CustomConversions - Adding converter from class java.time.LocalDateTime to class java.util.Date as writing converter.
17:43:33.820 [main] DEBUG o.s.data.convert.CustomConversions - Adding converter from class java.util.Date to class java.time.LocalDate as reading converter.
17:43:33.820 [main] DEBUG o.s.data.convert.CustomConversions - Adding converter from class java.time.LocalDate to class java.util.Date as writing converter.
17:43:33.820 [main] DEBUG o.s.data.convert.CustomConversions - Adding converter from class java.util.Date to class java.time.LocalTime as reading converter.
17:43:33.821 [main] DEBUG o.s.data.convert.CustomConversions - Adding converter from class java.time.LocalTime to class java.util.Date as writing converter.
17:43:33.821 [main] DEBUG o.s.data.convert.CustomConversions - Adding converter from class java.util.Date to class java.time.Instant as reading converter.
17:43:33.821 [main] DEBUG o.s.data.convert.CustomConversions - Adding converter from class java.time.Instant to class java.util.Date as writing converter.
17:43:33.821 [main] DEBUG o.s.data.convert.CustomConversions - Skipping converter from class java.time.LocalDateTime to class java.time.Instant as reading converter. class java.time.LocalDateTime is not a store supported simple type!
17:43:33.821 [main] DEBUG o.s.data.convert.CustomConversions - Skipping converter from class java.time.Instant to class java.time.LocalDateTime as reading converter. class java.time.Instant is not a store supported simple type!
17:43:33.822 [main] DEBUG o.s.data.convert.CustomConversions - Adding converter from class java.time.ZoneId to class java.lang.String as writing converter.
17:43:33.822 [main] DEBUG o.s.data.convert.CustomConversions - Adding converter from class java.lang.String to class java.time.ZoneId as reading converter.
17:43:33.822 [main] DEBUG o.s.data.convert.CustomConversions - Adding converter from class java.time.Duration to class java.lang.String as writing converter.
17:43:33.822 [main] DEBUG o.s.data.convert.CustomConversions - Adding converter from class java.lang.String to class java.time.Duration as reading converter.
17:43:33.822 [main] DEBUG o.s.data.convert.CustomConversions - Adding converter from class java.time.Period to class java.lang.String as writing converter.
17:43:33.823 [main] DEBUG o.s.data.convert.CustomConversions - Adding converter from class java.lang.String to class java.time.Period as reading converter.
17:43:33.823 [main] DEBUG o.s.data.convert.CustomConversions - Adding converter from class java.lang.String to class java.time.LocalDate as reading converter.
17:43:33.823 [main] DEBUG o.s.data.convert.CustomConversions - Adding converter from class java.lang.String to class java.time.LocalDateTime as reading converter.
17:43:33.823 [main] DEBUG o.s.data.convert.CustomConversions - Adding converter from class java.lang.String to class java.time.Instant as reading converter.
17:43:33.868 [main] DEBUG o.s.b.f.s.DefaultListableBeanFactory - Autowiring by type from bean name 'mongoTemplate' via factory method to bean named 'mongoDatabaseFactory'
17:43:33.868 [main] DEBUG o.s.b.f.s.DefaultListableBeanFactory - Autowiring by type from bean name 'mongoTemplate' via factory method to bean named 'mappingMongoConverter'
17:43:34.220 [main] DEBUG o.s.b.f.s.DefaultListableBeanFactory - Creating shared instance of singleton bean 'gridFsTemplate'
17:43:34.221 [main] DEBUG o.s.b.f.s.DefaultListableBeanFactory - Autowiring by type from bean name 'gridFsTemplate' via factory method to bean named 'mongoDatabaseFactory'
17:43:34.221 [main] DEBUG o.s.b.f.s.DefaultListableBeanFactory - Autowiring by type from bean name 'gridFsTemplate' via factory method to bean named 'mongoTemplate'
17:43:34.248 [main] DEBUG o.s.b.f.s.DefaultListableBeanFactory - Creating shared instance of singleton bean 'org.springframework.boot.autoconfigure.data.mongo.MongoDataAutoConfiguration'
17:43:34.251 [main] DEBUG o.s.b.f.s.DefaultListableBeanFactory - Creating shared instance of singleton bean 'org.springframework.boot.autoconfigure.data.mongo.MongoRepositoriesAutoConfiguration'
17:43:34.253 [main] DEBUG o.s.b.f.s.DefaultListableBeanFactory - Creating shared instance of singleton bean 'muzixRepository'
17:43:34.588 [main] DEBUG o.s.d.r.c.s.RepositoryFactorySupport - Initializing repository instance for com.stackroute.muzixservice.repository.MuzixRepository
17:43:35.317 [main] DEBUG o.s.d.r.c.s.RepositoryFactorySupport - Finished creation of repository instance for {}.
17:43:35.317 [main] DEBUG o.s.b.f.s.DefaultListableBeanFactory - Creating shared instance of singleton bean 'org.springframework.boot.autoconfigure.transaction.TransactionAutoConfiguration'
17:43:35.319 [main] DEBUG o.s.b.f.s.DefaultListableBeanFactory - Creating shared instance of singleton bean 'platformTransactionManagerCustomizers'
17:43:35.322 [main] DEBUG o.s.b.f.s.DefaultListableBeanFactory - Creating shared instance of singleton bean 'spring.transaction-org.springframework.boot.autoconfigure.transaction.TransactionProperties'
17:43:35.560 [main] DEBUG o.s.b.a.l.ConditionEvaluationReportLoggingListener - 


============================
CONDITIONS EVALUATION REPORT
============================


Positive matches:
-----------------

   EmbeddedMongoAutoConfiguration matched:
      - @ConditionalOnClass found required classes 'com.mongodb.MongoClientSettings', 'de.flapdoodle.embed.mongo.MongodStarter' (OnClassCondition)

   EmbeddedMongoAutoConfiguration#embeddedMongoConfiguration matched:
      - @ConditionalOnMissingBean (types: de.flapdoodle.embed.mongo.config.IMongodConfig; SearchStrategy: all) did not find any beans (OnBeanCondition)

   EmbeddedMongoAutoConfiguration#embeddedMongoServer matched:
      - @ConditionalOnMissingBean (types: de.flapdoodle.embed.mongo.MongodExecutable; SearchStrategy: all) did not find any beans (OnBeanCondition)

   EmbeddedMongoAutoConfiguration.EmbeddedMongoClientDependsOnBeanFactoryPostProcessor matched:
      - @ConditionalOnClass found required classes 'com.mongodb.client.MongoClient', 'org.springframework.data.mongodb.core.MongoClientFactoryBean' (OnClassCondition)

   EmbeddedMongoAutoConfiguration.RuntimeConfigConfiguration matched:
      - @ConditionalOnClass found required class 'org.slf4j.Logger' (OnClassCondition)
      - @ConditionalOnMissingBean (types: de.flapdoodle.embed.process.config.IRuntimeConfig; SearchStrategy: all) did not find any beans (OnBeanCondition)

   MongoAutoConfiguration matched:
      - @ConditionalOnClass found required class 'com.mongodb.client.MongoClient' (OnClassCondition)
      - @ConditionalOnMissingBean (types: org.springframework.data.mongodb.MongoDatabaseFactory; SearchStrategy: all) did not find any beans (OnBeanCondition)

   MongoAutoConfiguration#mongo matched:
      - @ConditionalOnMissingBean (types: com.mongodb.client.MongoClient; SearchStrategy: all) did not find any beans (OnBeanCondition)

   MongoAutoConfiguration.MongoClientSettingsConfiguration matched:
      - @ConditionalOnMissingBean (types: com.mongodb.MongoClientSettings; SearchStrategy: all) did not find any beans (OnBeanCondition)

   MongoDataAutoConfiguration matched:
      - @ConditionalOnClass found required classes 'com.mongodb.client.MongoClient', 'org.springframework.data.mongodb.core.MongoTemplate' (OnClassCondition)

   MongoDataConfiguration#mongoCustomConversions matched:
      - @ConditionalOnMissingBean (types: org.springframework.data.mongodb.core.convert.MongoCustomConversions; SearchStrategy: all) did not find any beans (OnBeanCondition)

   MongoDataConfiguration#mongoMappingContext matched:
      - @ConditionalOnMissingBean (types: org.springframework.data.mongodb.core.mapping.MongoMappingContext; SearchStrategy: all) did not find any beans (OnBeanCondition)

   MongoDatabaseFactoryConfiguration matched:
      - @ConditionalOnSingleCandidate (types: com.mongodb.client.MongoClient; SearchStrategy: all) found a primary bean from beans 'mongo'; @ConditionalOnMissingBean (types: org.springframework.data.mongodb.MongoDatabaseFactory; SearchStrategy: all) did not find any beans (OnBeanCondition)

   MongoDatabaseFactoryDependentConfiguration matched:
      - @ConditionalOnBean (types: org.springframework.data.mongodb.MongoDatabaseFactory; SearchStrategy: all) found bean 'mongoDatabaseFactory' (OnBeanCondition)

   MongoDatabaseFactoryDependentConfiguration#gridFsTemplate matched:
      - @ConditionalOnMissingBean (types: org.springframework.data.mongodb.gridfs.GridFsOperations; SearchStrategy: all) did not find any beans (OnBeanCondition)

   MongoDatabaseFactoryDependentConfiguration#mappingMongoConverter matched:
      - @ConditionalOnMissingBean (types: org.springframework.data.mongodb.core.convert.MongoConverter; SearchStrategy: all) did not find any beans (OnBeanCondition)

   MongoDatabaseFactoryDependentConfiguration#mongoTemplate matched:
      - @ConditionalOnMissingBean (types: org.springframework.data.mongodb.core.MongoOperations; SearchStrategy: all) did not find any beans (OnBeanCondition)

   MongoRepositoriesAutoConfiguration matched:
      - @ConditionalOnClass found required classes 'com.mongodb.client.MongoClient', 'org.springframework.data.mongodb.repository.MongoRepository' (OnClassCondition)
      - @ConditionalOnRepositoryType configured type of 'AUTO' matched required type (OnRepositoryTypeCondition)
      - @ConditionalOnMissingBean (types: org.springframework.data.mongodb.repository.support.MongoRepositoryFactoryBean,org.springframework.data.mongodb.repository.config.MongoRepositoryConfigurationExtension; SearchStrategy: all) did not find any beans (OnBeanCondition)

   NoOpCacheConfiguration matched:
      - Cache org.springframework.boot.autoconfigure.cache.NoOpCacheConfiguration NONE cache type (CacheCondition)

   TransactionAutoConfiguration matched:
      - @ConditionalOnClass found required class 'org.springframework.transaction.PlatformTransactionManager' (OnClassCondition)

   TransactionAutoConfiguration#platformTransactionManagerCustomizers matched:
      - @ConditionalOnMissingBean (types: org.springframework.boot.autoconfigure.transaction.TransactionManagerCustomizers; SearchStrategy: all) did not find any beans (OnBeanCondition)


Negative matches:
-----------------

   CacheAutoConfiguration:
      Did not match:
         - @ConditionalOnBean (types: org.springframework.cache.interceptor.CacheAspectSupport; SearchStrategy: all) did not find any beans of type org.springframework.cache.interceptor.CacheAspectSupport (OnBeanCondition)
      Matched:
         - @ConditionalOnClass found required class 'org.springframework.cache.CacheManager' (OnClassCondition)

   CacheAutoConfiguration.CacheManagerEntityManagerFactoryDependsOnPostProcessor:
      Did not match:
         - @ConditionalOnClass did not find required class 'org.springframework.orm.jpa.LocalContainerEntityManagerFactoryBean' (OnClassCondition)
         - Ancestor org.springframework.boot.autoconfigure.cache.CacheAutoConfiguration did not match (ConditionEvaluationReport.AncestorsMatchedCondition)

   CaffeineCacheConfiguration:
      Did not match:
         - @ConditionalOnClass did not find required class 'com.github.benmanes.caffeine.cache.Caffeine' (OnClassCondition)

   CouchbaseCacheConfiguration:
      Did not match:
         - @ConditionalOnClass did not find required class 'com.couchbase.client.java.Cluster' (OnClassCondition)

   EhCacheCacheConfiguration:
      Did not match:
         - @ConditionalOnClass did not find required class 'net.sf.ehcache.Cache' (OnClassCondition)

   EmbeddedMongoAutoConfiguration.EmbeddedReactiveStreamsMongoClientDependsOnBeanFactoryPostProcessor:
      Did not match:
         - @ConditionalOnClass did not find required class 'com.mongodb.reactivestreams.client.MongoClient' (OnClassCondition)

   GenericCacheConfiguration:
      Did not match:
         - Cache org.springframework.boot.autoconfigure.cache.GenericCacheConfiguration unknown cache type (CacheCondition)

   HazelcastCacheConfiguration:
      Did not match:
         - @ConditionalOnClass did not find required class 'com.hazelcast.core.HazelcastInstance' (OnClassCondition)

   InfinispanCacheConfiguration:
      Did not match:
         - @ConditionalOnClass did not find required class 'org.infinispan.spring.embedded.provider.SpringEmbeddedCacheManager' (OnClassCondition)

   JCacheCacheConfiguration:
      Did not match:
         - @ConditionalOnClass did not find required class 'javax.cache.Caching' (OnClassCondition)

   MongoReactiveAutoConfiguration:
      Did not match:
         - @ConditionalOnClass did not find required class 'com.mongodb.reactivestreams.client.MongoClient' (OnClassCondition)

   MongoReactiveDataAutoConfiguration:
      Did not match:
         - @ConditionalOnClass did not find required class 'com.mongodb.reactivestreams.client.MongoClient' (OnClassCondition)

   MongoReactiveRepositoriesAutoConfiguration:
      Did not match:
         - @ConditionalOnClass did not find required class 'com.mongodb.reactivestreams.client.MongoClient' (OnClassCondition)

   RedisCacheConfiguration:
      Did not match:
         - @ConditionalOnClass did not find required class 'org.springframework.data.redis.connection.RedisConnectionFactory' (OnClassCondition)

   SimpleCacheConfiguration:
      Did not match:
         - Cache org.springframework.boot.autoconfigure.cache.SimpleCacheConfiguration unknown cache type (CacheCondition)

   TransactionAutoConfiguration#transactionalOperator:
      Did not match:
         - @ConditionalOnSingleCandidate (types: org.springframework.transaction.ReactiveTransactionManager; SearchStrategy: all) did not find any beans (OnBeanCondition)

   TransactionAutoConfiguration.EnableTransactionManagementConfiguration:
      Did not match:
         - @ConditionalOnBean (types: org.springframework.transaction.TransactionManager; SearchStrategy: all) did not find any beans of type org.springframework.transaction.TransactionManager (OnBeanCondition)

   TransactionAutoConfiguration.EnableTransactionManagementConfiguration.CglibAutoProxyConfiguration:
      Did not match:
         - Ancestor org.springframework.boot.autoconfigure.transaction.TransactionAutoConfiguration$EnableTransactionManagementConfiguration did not match (ConditionEvaluationReport.AncestorsMatchedCondition)
      Matched:
         - @ConditionalOnProperty (spring.aop.proxy-target-class=true) matched (OnPropertyCondition)

   TransactionAutoConfiguration.EnableTransactionManagementConfiguration.JdkDynamicAutoProxyConfiguration:
      Did not match:
         - @ConditionalOnProperty (spring.aop.proxy-target-class=false) did not find property 'proxy-target-class' (OnPropertyCondition)
         - Ancestor org.springframework.boot.autoconfigure.transaction.TransactionAutoConfiguration$EnableTransactionManagementConfiguration did not match (ConditionEvaluationReport.AncestorsMatchedCondition)

   TransactionAutoConfiguration.TransactionTemplateConfiguration:
      Did not match:
         - @ConditionalOnSingleCandidate (types: org.springframework.transaction.PlatformTransactionManager; SearchStrategy: all) did not find any beans (OnBeanCondition)


Exclusions:
-----------

    None


Unconditional classes:
----------------------

    None



17:43:35.698 [main] INFO  c.s.m.repository.MuzixRepositoryTest - Started MuzixRepositoryTest in 8.017 seconds (JVM running for 13.188)
17:43:35.704 [main] DEBUG o.s.t.c.c.DefaultCacheAwareContextLoaderDelegate - Storing ApplicationContext [429804587] in cache under key [[MergedContextConfiguration@7ac2e39b testClass = MuzixRepositoryTest, locations = '{}', classes = '{class com.stackroute.muzixservice.MuzixServiceApplication}', contextInitializerClasses = '[]', activeProfiles = '{}', propertySourceLocations = '{}', propertySourceProperties = '{org.springframework.boot.test.autoconfigure.data.mongo.DataMongoTestContextBootstrapper=true}', contextCustomizers = set[[ImportsContextCustomizer@78365cfa key = [org.springframework.boot.autoconfigure.cache.CacheAutoConfiguration, org.springframework.boot.autoconfigure.data.mongo.MongoDataAutoConfiguration, org.springframework.boot.autoconfigure.data.mongo.MongoReactiveDataAutoConfiguration, org.springframework.boot.autoconfigure.data.mongo.MongoReactiveRepositoriesAutoConfiguration, org.springframework.boot.autoconfigure.data.mongo.MongoRepositoriesAutoConfiguration, org.springframework.boot.autoconfigure.mongo.MongoAutoConfiguration, org.springframework.boot.autoconfigure.mongo.MongoReactiveAutoConfiguration, org.springframework.boot.autoconfigure.mongo.embedded.EmbeddedMongoAutoConfiguration, org.springframework.boot.autoconfigure.transaction.TransactionAutoConfiguration]], org.springframework.boot.test.context.filter.ExcludeFilterContextCustomizer@1608bcbd, org.springframework.boot.test.json.DuplicateJsonObjectContextCustomizerFactory$DuplicateJsonObjectContextCustomizer@b2c5e07, org.springframework.boot.test.mock.mockito.MockitoContextCustomizer@0, org.springframework.boot.test.autoconfigure.OverrideAutoConfigurationContextCustomizerFactory$DisableAutoConfigurationContextCustomizer@5a1de7fb, org.springframework.boot.test.autoconfigure.actuate.metrics.MetricsExportContextCustomizerFactory$DisableMetricExportContextCustomizer@6eb2384f, org.springframework.boot.test.autoconfigure.filter.TypeExcludeFiltersContextCustomizer@351584c0, org.springframework.boot.test.autoconfigure.properties.PropertyMappingContextCustomizer@fab9d341, org.springframework.boot.test.autoconfigure.web.servlet.WebDriverContextCustomizerFactory$Customizer@21a21c64, org.springframework.boot.test.context.SpringBootTestArgs@1, org.springframework.boot.test.context.SpringBootTestWebEnvironment@0], contextLoader = 'org.springframework.boot.test.context.SpringBootContextLoader', parent = [null]]]
17:43:35.704 [main] DEBUG o.springframework.test.context.cache - Spring test ApplicationContext cache statistics: [DefaultContextCache@7ebe2e47 size = 1, maxSize = 32, parentContextCount = 0, hitCount = 0, missCount = 1]
17:43:35.715 [main] DEBUG o.s.t.c.c.DefaultCacheAwareContextLoaderDelegate - Retrieved ApplicationContext [429804587] from cache with key [[MergedContextConfiguration@7ac2e39b testClass = MuzixRepositoryTest, locations = '{}', classes = '{class com.stackroute.muzixservice.MuzixServiceApplication}', contextInitializerClasses = '[]', activeProfiles = '{}', propertySourceLocations = '{}', propertySourceProperties = '{org.springframework.boot.test.autoconfigure.data.mongo.DataMongoTestContextBootstrapper=true}', contextCustomizers = set[[ImportsContextCustomizer@78365cfa key = [org.springframework.boot.autoconfigure.cache.CacheAutoConfiguration, org.springframework.boot.autoconfigure.data.mongo.MongoDataAutoConfiguration, org.springframework.boot.autoconfigure.data.mongo.MongoReactiveDataAutoConfiguration, org.springframework.boot.autoconfigure.data.mongo.MongoReactiveRepositoriesAutoConfiguration, org.springframework.boot.autoconfigure.data.mongo.MongoRepositoriesAutoConfiguration, org.springframework.boot.autoconfigure.mongo.MongoAutoConfiguration, org.springframework.boot.autoconfigure.mongo.MongoReactiveAutoConfiguration, org.springframework.boot.autoconfigure.mongo.embedded.EmbeddedMongoAutoConfiguration, org.springframework.boot.autoconfigure.transaction.TransactionAutoConfiguration]], org.springframework.boot.test.context.filter.ExcludeFilterContextCustomizer@1608bcbd, org.springframework.boot.test.json.DuplicateJsonObjectContextCustomizerFactory$DuplicateJsonObjectContextCustomizer@b2c5e07, org.springframework.boot.test.mock.mockito.MockitoContextCustomizer@0, org.springframework.boot.test.autoconfigure.OverrideAutoConfigurationContextCustomizerFactory$DisableAutoConfigurationContextCustomizer@5a1de7fb, org.springframework.boot.test.autoconfigure.actuate.metrics.MetricsExportContextCustomizerFactory$DisableMetricExportContextCustomizer@6eb2384f, org.springframework.boot.test.autoconfigure.filter.TypeExcludeFiltersContextCustomizer@351584c0, org.springframework.boot.test.autoconfigure.properties.PropertyMappingContextCustomizer@fab9d341, org.springframework.boot.test.autoconfigure.web.servlet.WebDriverContextCustomizerFactory$Customizer@21a21c64, org.springframework.boot.test.context.SpringBootTestArgs@1, org.springframework.boot.test.context.SpringBootTestWebEnvironment@0], contextLoader = 'org.springframework.boot.test.context.SpringBootContextLoader', parent = [null]]]
17:43:35.716 [main] DEBUG o.springframework.test.context.cache - Spring test ApplicationContext cache statistics: [DefaultContextCache@7ebe2e47 size = 1, maxSize = 32, parentContextCount = 0, hitCount = 1, missCount = 1]
17:43:35.723 [main] DEBUG o.s.t.c.s.AbstractDirtiesContextTestExecutionListener - Before test method: context [DefaultTestContext@5c10f1c3 testClass = MuzixRepositoryTest, testInstance = com.stackroute.muzixservice.repository.MuzixRepositoryTest@4b7e96a, testMethod = givenTrackCommentsToUpdateShouldReturnTrack@MuzixRepositoryTest, testException = [null], mergedContextConfiguration = [MergedContextConfiguration@7ac2e39b testClass = MuzixRepositoryTest, locations = '{}', classes = '{class com.stackroute.muzixservice.MuzixServiceApplication}', contextInitializerClasses = '[]', activeProfiles = '{}', propertySourceLocations = '{}', propertySourceProperties = '{org.springframework.boot.test.autoconfigure.data.mongo.DataMongoTestContextBootstrapper=true}', contextCustomizers = set[[ImportsContextCustomizer@78365cfa key = [org.springframework.boot.autoconfigure.cache.CacheAutoConfiguration, org.springframework.boot.autoconfigure.data.mongo.MongoDataAutoConfiguration, org.springframework.boot.autoconfigure.data.mongo.MongoReactiveDataAutoConfiguration, org.springframework.boot.autoconfigure.data.mongo.MongoReactiveRepositoriesAutoConfiguration, org.springframework.boot.autoconfigure.data.mongo.MongoRepositoriesAutoConfiguration, org.springframework.boot.autoconfigure.mongo.MongoAutoConfiguration, org.springframework.boot.autoconfigure.mongo.MongoReactiveAutoConfiguration, org.springframework.boot.autoconfigure.mongo.embedded.EmbeddedMongoAutoConfiguration, org.springframework.boot.autoconfigure.transaction.TransactionAutoConfiguration]], org.springframework.boot.test.context.filter.ExcludeFilterContextCustomizer@1608bcbd, org.springframework.boot.test.json.DuplicateJsonObjectContextCustomizerFactory$DuplicateJsonObjectContextCustomizer@b2c5e07, org.springframework.boot.test.mock.mockito.MockitoContextCustomizer@0, org.springframework.boot.test.autoconfigure.OverrideAutoConfigurationContextCustomizerFactory$DisableAutoConfigurationContextCustomizer@5a1de7fb, org.springframework.boot.test.autoconfigure.actuate.metrics.MetricsExportContextCustomizerFactory$DisableMetricExportContextCustomizer@6eb2384f, org.springframework.boot.test.autoconfigure.filter.TypeExcludeFiltersContextCustomizer@351584c0, org.springframework.boot.test.autoconfigure.properties.PropertyMappingContextCustomizer@fab9d341, org.springframework.boot.test.autoconfigure.web.servlet.WebDriverContextCustomizerFactory$Customizer@21a21c64, org.springframework.boot.test.context.SpringBootTestArgs@1, org.springframework.boot.test.context.SpringBootTestWebEnvironment@0], contextLoader = 'org.springframework.boot.test.context.SpringBootContextLoader', parent = [null]], attributes = map[[empty]]], class annotated with @DirtiesContext [false] with mode [null], method annotated with @DirtiesContext [false] with mode [null].
17:43:35.736 [main] DEBUG o.s.t.c.c.DefaultCacheAwareContextLoaderDelegate - Retrieved ApplicationContext [429804587] from cache with key [[MergedContextConfiguration@7ac2e39b testClass = MuzixRepositoryTest, locations = '{}', classes = '{class com.stackroute.muzixservice.MuzixServiceApplication}', contextInitializerClasses = '[]', activeProfiles = '{}', propertySourceLocations = '{}', propertySourceProperties = '{org.springframework.boot.test.autoconfigure.data.mongo.DataMongoTestContextBootstrapper=true}', contextCustomizers = set[[ImportsContextCustomizer@78365cfa key = [org.springframework.boot.autoconfigure.cache.CacheAutoConfiguration, org.springframework.boot.autoconfigure.data.mongo.MongoDataAutoConfiguration, org.springframework.boot.autoconfigure.data.mongo.MongoReactiveDataAutoConfiguration, org.springframework.boot.autoconfigure.data.mongo.MongoReactiveRepositoriesAutoConfiguration, org.springframework.boot.autoconfigure.data.mongo.MongoRepositoriesAutoConfiguration, org.springframework.boot.autoconfigure.mongo.MongoAutoConfiguration, org.springframework.boot.autoconfigure.mongo.MongoReactiveAutoConfiguration, org.springframework.boot.autoconfigure.mongo.embedded.EmbeddedMongoAutoConfiguration, org.springframework.boot.autoconfigure.transaction.TransactionAutoConfiguration]], org.springframework.boot.test.context.filter.ExcludeFilterContextCustomizer@1608bcbd, org.springframework.boot.test.json.DuplicateJsonObjectContextCustomizerFactory$DuplicateJsonObjectContextCustomizer@b2c5e07, org.springframework.boot.test.mock.mockito.MockitoContextCustomizer@0, org.springframework.boot.test.autoconfigure.OverrideAutoConfigurationContextCustomizerFactory$DisableAutoConfigurationContextCustomizer@5a1de7fb, org.springframework.boot.test.autoconfigure.actuate.metrics.MetricsExportContextCustomizerFactory$DisableMetricExportContextCustomizer@6eb2384f, org.springframework.boot.test.autoconfigure.filter.TypeExcludeFiltersContextCustomizer@351584c0, org.springframework.boot.test.autoconfigure.properties.PropertyMappingContextCustomizer@fab9d341, org.springframework.boot.test.autoconfigure.web.servlet.WebDriverContextCustomizerFactory$Customizer@21a21c64, org.springframework.boot.test.context.SpringBootTestArgs@1, org.springframework.boot.test.context.SpringBootTestWebEnvironment@0], contextLoader = 'org.springframework.boot.test.context.SpringBootContextLoader', parent = [null]]]
17:43:35.841 [main] DEBUG o.springframework.test.context.cache - Spring test ApplicationContext cache statistics: [DefaultContextCache@7ebe2e47 size = 1, maxSize = 32, parentContextCount = 0, hitCount = 2, missCount = 1]
17:43:35.842 [main] DEBUG o.s.t.c.c.DefaultCacheAwareContextLoaderDelegate - Retrieved ApplicationContext [429804587] from cache with key [[MergedContextConfiguration@7ac2e39b testClass = MuzixRepositoryTest, locations = '{}', classes = '{class com.stackroute.muzixservice.MuzixServiceApplication}', contextInitializerClasses = '[]', activeProfiles = '{}', propertySourceLocations = '{}', propertySourceProperties = '{org.springframework.boot.test.autoconfigure.data.mongo.DataMongoTestContextBootstrapper=true}', contextCustomizers = set[[ImportsContextCustomizer@78365cfa key = [org.springframework.boot.autoconfigure.cache.CacheAutoConfiguration, org.springframework.boot.autoconfigure.data.mongo.MongoDataAutoConfiguration, org.springframework.boot.autoconfigure.data.mongo.MongoReactiveDataAutoConfiguration, org.springframework.boot.autoconfigure.data.mongo.MongoReactiveRepositoriesAutoConfiguration, org.springframework.boot.autoconfigure.data.mongo.MongoRepositoriesAutoConfiguration, org.springframework.boot.autoconfigure.mongo.MongoAutoConfiguration, org.springframework.boot.autoconfigure.mongo.MongoReactiveAutoConfiguration, org.springframework.boot.autoconfigure.mongo.embedded.EmbeddedMongoAutoConfiguration, org.springframework.boot.autoconfigure.transaction.TransactionAutoConfiguration]], org.springframework.boot.test.context.filter.ExcludeFilterContextCustomizer@1608bcbd, org.springframework.boot.test.json.DuplicateJsonObjectContextCustomizerFactory$DuplicateJsonObjectContextCustomizer@b2c5e07, org.springframework.boot.test.mock.mockito.MockitoContextCustomizer@0, org.springframework.boot.test.autoconfigure.OverrideAutoConfigurationContextCustomizerFactory$DisableAutoConfigurationContextCustomizer@5a1de7fb, org.springframework.boot.test.autoconfigure.actuate.metrics.MetricsExportContextCustomizerFactory$DisableMetricExportContextCustomizer@6eb2384f, org.springframework.boot.test.autoconfigure.filter.TypeExcludeFiltersContextCustomizer@351584c0, org.springframework.boot.test.autoconfigure.properties.PropertyMappingContextCustomizer@fab9d341, org.springframework.boot.test.autoconfigure.web.servlet.WebDriverContextCustomizerFactory$Customizer@21a21c64, org.springframework.boot.test.context.SpringBootTestArgs@1, org.springframework.boot.test.context.SpringBootTestWebEnvironment@0], contextLoader = 'org.springframework.boot.test.context.SpringBootContextLoader', parent = [null]]]
17:43:35.843 [main] DEBUG o.springframework.test.context.cache - Spring test ApplicationContext cache statistics: [DefaultContextCache@7ebe2e47 size = 1, maxSize = 32, parentContextCount = 0, hitCount = 3, missCount = 1]
17:43:36.247 [SpringContextShutdownHook] DEBUG o.s.c.a.AnnotationConfigApplicationContext - Closing org.springframework.context.annotation.AnnotationConfigApplicationContext@199e4c2b, started on Mon Mar 28 17:43:29 IST 2022
17:43:36.252 [SpringContextShutdownHook] DEBUG org.mongodb.driver.connection - Closing connection connectionId{localValue:2, serverValue:1}
17:43:36.253 [SpringContextShutdownHook] DEBUG org.mongodb.driver.connection - Closing connection connectionId{localValue:1, serverValue:2}
17:43:36.254 [Thread-1] INFO  o.s.b.a.mongo.embedded.EmbeddedMongo - 2022-03-28T17:43:36.254+0530 I -        [conn1] end connection 127.0.0.1:55450 (2 connections now open)
17:43:36.255 [Thread-1] INFO  o.s.b.a.mongo.embedded.EmbeddedMongo - 2022-03-28T17:43:36.254+0530 I -        [conn2] end connection 127.0.0.1:55449 (1 connection now open)
17:43:36.257 [SpringContextShutdownHook] DEBUG d.f.embed.mongo.AbstractMongoProcess - try to stop mongod
17:43:36.258 [Thread-1] INFO  o.s.b.a.mongo.embedded.EmbeddedMongo - 2022-03-28T17:43:36.259+0530 I NETWORK  [thread1] connection accepted from 127.0.0.1:55451 #3 (1 connection now open)
17:43:36.260 [Thread-1] INFO  o.s.b.a.mongo.embedded.EmbeddedMongo - 2022-03-28T17:43:36.260+0530 I COMMAND  [conn3] terminating, shutdown command received
17:43:36.260 [Thread-1] INFO  o.s.b.a.mongo.embedded.EmbeddedMongo - 2022-03-28T17:43:36.260+0530 I NETWORK  [conn3] shutdown: going to close listening sockets...
17:43:36.260 [Thread-1] INFO  o.s.b.a.mongo.embedded.EmbeddedMongo - 2022-03-28T17:43:36.260+0530 I NETWORK  [conn3] closing listening socket: 544
17:43:36.260 [Thread-1] INFO  o.s.b.a.mongo.embedded.EmbeddedMongo - 2022-03-28T17:43:36.261+0530 I NETWORK  [conn3] shutdown: going to flush diaglog...
17:43:36.261 [Thread-1] INFO  o.s.b.a.mongo.embedded.EmbeddedMongo - 2022-03-28T17:43:36.261+0530 I FTDC     [conn3] Shutting down full-time diagnostic data capture
17:43:36.263 [Thread-1] INFO  o.s.b.a.mongo.embedded.EmbeddedMongo - 2022-03-28T17:43:36.263+0530 I STORAGE  [conn3] WiredTigerKVEngine shutting down
17:43:38.049 [Thread-1] INFO  o.s.b.a.mongo.embedded.EmbeddedMongo - 2022-03-28T17:43:38.049+0530 I STORAGE  [conn3] shutdown: removing fs lock...
17:43:38.061 [Thread-1] INFO  o.s.b.a.mongo.embedded.EmbeddedMongo - 2022-03-28T17:43:38.062+0530 I CONTROL  [conn3] now exiting
17:43:38.063 [Thread-1] INFO  o.s.b.a.mongo.embedded.EmbeddedMongo - 2022-03-28T17:43:38.063+0530 I CONTROL  [initandlisten] shutting down with code:0
17:43:38.253 [SpringContextShutdownHook] DEBUG d.f.embed.process.io.file.Files - could delete C:\Users\HP\AppData\Local\Temp\embedmongo-db-8c02d739-d8ef-4ad2-ab89-77b2f087e2e2
17:43:38.255 [SpringContextShutdownHook] DEBUG d.f.embed.process.io.file.Files - could delete C:\Users\HP\AppData\Local\Temp\extract-06129213-2d63-42fa-a7fd-7836383b7fa1extractmongod.pid
17:43:38.270 [SpringContextShutdownHook] DEBUG d.f.embed.process.io.file.Files - could delete C:\Users\HP\AppData\Local\Temp\extract-06129213-2d63-42fa-a7fd-7836383b7fa1extractmongod.exe
